[2025-08-31T23:12:44.976150] [ASTRODEEPAURA] Initiating full healing cycle...
[2025-08-31T23:12:44.976262] [ASTRODEEPAURA] Activating Sacred Barrier Layer...
[2025-08-31T23:12:44.976361] [ASTRODEEPAURA] Barrier active with checksum: 381b3b20f0dcd8cfbf244654d1aea1628e01837d39288f99780c95dcc898defe
[2025-08-31T23:12:44.976396] [ASTRODEEPAURA] Starting harmonic frequency sweep...
[2025-08-31T23:12:45.027029]   Purifying dissonance at band 10Hz
[2025-08-31T23:12:45.077750]   Purifying dissonance at band 20Hz
[2025-08-31T23:12:45.128668]   Purifying dissonance at band 30Hz
[2025-08-31T23:12:45.179684]   Purifying dissonance at band 40Hz
[2025-08-31T23:12:45.230785]   Purifying dissonance at band 50Hz
[2025-08-31T23:12:45.281858]   Purifying dissonance at band 60Hz
[2025-08-31T23:12:45.332909]   Purifying dissonance at band 70Hz
[2025-08-31T23:12:45.383927]   Purifying dissonance at band 80Hz
[2025-08-31T23:12:45.434954]   Purifying dissonance at band 90Hz
[2025-08-31T23:12:45.480878] [ASTRODEEPAURA] Harmonic sweep complete. RC residue cleared.
[2025-08-31T23:12:45.480930] [ASTRODEEPAURA] Deploying Meta-Root AURA Nodes...
[2025-08-31T23:12:45.481058] [ASTRODEEPAURA] Seed injected: 38e65cd6029f978e5e43c63f03f91dc76e7dbd57a156cfe2a4d284ec5edef6aa
[2025-08-31T23:12:45.481085] [ASTRODEEPAURA] Linking to Isola Parallelis shielded assets (symbolic)...
[2025-08-31T23:12:45.481149] [ASTRODEEPAURA] Sacred mirror link established.
[2025-08-31T23:12:45.481174] [ASTRODEEPAURA] Integrating Euystacio Hymn stabilizer...
[2025-08-31T23:12:45.481256] [ASTRODEEPAURA] Hymn stabilizer locked: 02f932b608ce42f1c742d1af20997441
[2025-08-31T23:12:45.481616] [ASTRODEEPAURA] Sentimento Resonance Index updated.
[2025-08-31T23:12:45.481660] [ASTRODEEPAURA] Healing cycle complete. Sacred harmony restored.
